0 info it worked if it ends with ok
1 verbose cli [ '/usr/local/Cellar/node/5.10.1/bin/node',
1 verbose cli   '/usr/local/bin/npm',
1 verbose cli   'publish' ]
2 info using npm@3.8.3
3 info using node@v5.10.1
4 verbose publish [ '.' ]
5 silly cache add args [ '.', null ]
6 verbose cache add spec .
7 silly cache add parsed spec Result {
7 silly cache add   raw: '.',
7 silly cache add   scope: null,
7 silly cache add   name: null,
7 silly cache add   rawSpec: '.',
7 silly cache add   spec: '/Users/mromano/projects/gulp-license-check',
7 silly cache add   type: 'directory' }
8 verbose addLocalDirectory /Users/mromano/.npm/gulp-license-check/0.0.1/package.tgz not in flight; packing
9 verbose correctMkdir /Users/mromano/.npm correctMkdir not in flight; initializing
10 info lifecycle gulp-license-check@0.0.1~prepublish: gulp-license-check@0.0.1
11 silly lifecycle gulp-license-check@0.0.1~prepublish: no script for prepublish, continuing
12 verbose tar pack [ '/Users/mromano/.npm/gulp-license-check/0.0.1/package.tgz',
12 verbose tar pack   '/Users/mromano/projects/gulp-license-check' ]
13 verbose tarball /Users/mromano/.npm/gulp-license-check/0.0.1/package.tgz
14 verbose folder /Users/mromano/projects/gulp-license-check
15 verbose addLocalTarball adding from inside cache /Users/mromano/.npm/gulp-license-check/0.0.1/package.tgz
16 verbose correctMkdir /Users/mromano/.npm correctMkdir not in flight; initializing
17 silly cache afterAdd gulp-license-check@0.0.1
18 verbose afterAdd /Users/mromano/.npm/gulp-license-check/0.0.1/package/package.json not in flight; writing
19 verbose correctMkdir /Users/mromano/.npm correctMkdir not in flight; initializing
20 verbose afterAdd /Users/mromano/.npm/gulp-license-check/0.0.1/package/package.json written
21 silly publish { name: 'gulp-license-check',
21 silly publish   version: '0.0.1',
21 silly publish   description: 'This plugin check a specific header/license in the files',
21 silly publish   license: 'MIT',
21 silly publish   repository:
21 silly publish    { type: 'git',
21 silly publish      url: 'git+https://github.com/magemello/gulp-license-check.git' },
21 silly publish   author:
21 silly publish    { name: 'Mario Romano',
21 silly publish      email: 'mario.romano83@gmail.com',
21 silly publish      url: 'http://magemello.github.io/' },
21 silly publish   engines: { node: '>=0.10.0' },
21 silly publish   scripts: { test: 'xo && mocha' },
21 silly publish   files: [ 'index.js' ],
21 silly publish   keywords: [ 'gulpplugin' ],
21 silly publish   dependencies:
21 silly publish    { 'gulp-util': '^3.0.7',
21 silly publish      through2: '^2.0.1',
21 silly publish      'vinyl-file': '^2.0.0' },
21 silly publish   devDependencies:
21 silly publish    { 'event-stream': '^3.3.2',
21 silly publish      fs: '0.0.2',
21 silly publish      gulp: '^3.9.1',
21 silly publish      mocha: '^2.0.1',
21 silly publish      should: '*',
21 silly publish      xo: '^0.14.0' },
21 silly publish   xo:
21 silly publish    { overrides: [ [Object] ],
21 silly publish      rules:
21 silly publish       { 'one-var': 0,
21 silly publish         'padded-blocks': 0,
21 silly publish         'no-mixed-requires': 0,
21 silly publish         quotes: [Object] } },
21 silly publish   readme: '# gulp-license-check [![Build Status](https://travis-ci.org/magemello/gulp-license-check.svg?branch=master)](https://travis-ci.org/magemello/gulp-license-check)\n\n> gulp-license-check is a Gulp extension to check the presence of a specific header in your files.\n\n\n## Install\n\n```\n$ npm install --save-dev gulp-license-check\n```\n\n\n## Usage\n\n```js\nconst license = require(\'gulp-license-check\');\n\ngulp.task(\'license\', function () {\n    gulp.src(\'./app/**/*.ts\')\n        .pipe(license({\n            path: \'app/license_header.txt\',\n            blocking: false,\n            log: true\n        }));\n});\n```\n\n#### Options\n\n**path**: {string} . Path of your header file.\n**blocking**: {boolean} default true. If set to true in case of missing header will block the build\n**log**: {boolean} default true. If set to false will disavble the log in console. \n\n## License\n\nMIT © [Mario Romano](http://magemello.github.io/)\n',
21 silly publish   readmeFilename: 'readme.md',
21 silly publish   gitHead: '017c208b5f9d42dced27cdd294d9b143810c0a56',
21 silly publish   bugs: { url: 'https://github.com/magemello/gulp-license-check/issues' },
21 silly publish   homepage: 'https://github.com/magemello/gulp-license-check#readme',
21 silly publish   _id: 'gulp-license-check@0.0.1',
21 silly publish   _shasum: '371919c52478a16dab9075cfbd3459312d1e1fb1',
21 silly publish   _from: '.' }
22 verbose getPublishConfig undefined
23 silly mapToRegistry name gulp-license-check
24 silly mapToRegistry using default registry
25 silly mapToRegistry registry https://registry.npmjs.org/
26 silly mapToRegistry data Result {
26 silly mapToRegistry   raw: 'gulp-license-check',
26 silly mapToRegistry   scope: null,
26 silly mapToRegistry   name: 'gulp-license-check',
26 silly mapToRegistry   rawSpec: '',
26 silly mapToRegistry   spec: 'latest',
26 silly mapToRegistry   type: 'tag' }
27 silly mapToRegistry uri https://registry.npmjs.org/gulp-license-check
28 verbose publish registryBase https://registry.npmjs.org/
29 silly publish uploading /Users/mromano/.npm/gulp-license-check/0.0.1/package.tgz
30 verbose request uri https://registry.npmjs.org/gulp-license-check
31 verbose request sending authorization for write operation
32 info attempt registry request try #1 at 2:15:16 AM
33 verbose request using bearer token for auth
34 verbose request id 90ba4996dd3a9d5a
35 http request PUT https://registry.npmjs.org/gulp-license-check
36 http 403 https://registry.npmjs.org/gulp-license-check
37 verbose headers { 'content-type': 'application/json',
37 verbose headers   'cache-control': 'max-age=300',
37 verbose headers   'content-length': '95',
37 verbose headers   'accept-ranges': 'bytes',
37 verbose headers   date: 'Mon, 25 Apr 2016 01:15:17 GMT',
37 verbose headers   via: '1.1 varnish',
37 verbose headers   connection: 'keep-alive',
37 verbose headers   'x-served-by': 'cache-lhr6321-LHR',
37 verbose headers   'x-cache': 'MISS',
37 verbose headers   'x-cache-hits': '0',
37 verbose headers   'x-timer': 'S1461546916.660997,VS0,VE942',
37 verbose headers   vary: 'Accept-Encoding' }
38 verbose request invalidating /Users/mromano/.npm/registry.npmjs.org/gulp-license-check on PUT
39 error publish Failed PUT 403
40 verbose stack Error: "You cannot publish over the previously published version 0.0.1." : gulp-license-check
40 verbose stack     at makeError (/usr/local/lib/node_modules/npm/node_modules/npm-registry-client/lib/request.js:264:12)
40 verbose stack     at CachingRegistryClient.<anonymous> (/usr/local/lib/node_modules/npm/node_modules/npm-registry-client/lib/request.js:252:14)
40 verbose stack     at Request._callback (/usr/local/lib/node_modules/npm/node_modules/npm-registry-client/lib/request.js:172:14)
40 verbose stack     at Request.self.callback (/usr/local/lib/node_modules/npm/node_modules/request/request.js:199:22)
40 verbose stack     at emitTwo (events.js:100:13)
40 verbose stack     at Request.emit (events.js:185:7)
40 verbose stack     at Request.<anonymous> (/usr/local/lib/node_modules/npm/node_modules/request/request.js:1036:10)
40 verbose stack     at emitOne (events.js:95:20)
40 verbose stack     at Request.emit (events.js:182:7)
40 verbose stack     at IncomingMessage.<anonymous> (/usr/local/lib/node_modules/npm/node_modules/request/request.js:963:12)
41 verbose statusCode 403
42 verbose pkgid gulp-license-check
43 verbose cwd /Users/mromano/projects/gulp-license-check
44 error Darwin 14.3.0
45 error argv "/usr/local/Cellar/node/5.10.1/bin/node" "/usr/local/bin/npm" "publish"
46 error node v5.10.1
47 error npm  v3.8.3
48 error code E403
49 error "You cannot publish over the previously published version 0.0.1." : gulp-license-check
50 error If you need help, you may report this error at:
50 error     <https://github.com/npm/npm/issues>
51 verbose exit [ 1, true ]
